#
# A fatal error has been detected by the Java Runtime Environment:
#
#  SIGSEGV (0xb) at pc=0xb6d701ed, pid=5792, tid=3062217536
#
# JRE version: Java(TM) SE Runtime Environment (7.0_55-b13) (build 1.7.0_55-b13)
# Java VM: Java HotSpot(TM) Server VM (24.55-b03 mixed mode linux-x86 )
# Problematic frame:
# V  [libjvm.so+0x4ce1ed]  jni_GetStringUTFChars+0x9d
#
# Failed to write core dump. Core dumps have been disabled. To enable core dumping, try "ulimit -c unlimited" before starting Java again
#
# If you would like to submit a bug report, please visit:
#   http://bugreport.sun.com/bugreport/crash.jsp
#

---------------  T H R E A D  ---------------

Current thread (0xb6707400):  JavaThread "main" [_thread_in_vm, id=5794, stack(0xb680b000,0xb685c000)]

siginfo:si_signo=SIGSEGV: si_errno=0, si_code=1 (SEGV_MAPERR), si_addr=0x00000000

Registers:
EAX=0x00000000, EBX=0xb7164c18, ECX=0xb7791000, EDX=0xb718c8c0
ESP=0xb685aeb4, EBP=0xb685aef8, ESI=0xb6707400, EDI=0x00000ffc
EIP=0xb6d701ed, EFLAGS=0x00010296, CR2=0x00000000

Top of Stack: (sp=0xb685aeb4)
0xb685aeb4:   b685af88 00001538 00000000 00000009
0xb685aec4:   b6707b14 b367ba48 00000000 b6b0088e
0xb685aed4:   b685af84 b6707400 00000000 b7164c18
0xb685aee4:   b685b0b0 b6707400 b66cf000 b6707530
0xb685aef4:   b6707400 b685af74 b66cd371 b6707530
0xb685af04:   00000000 00000000 00000000 b685afb0
0xb685af14:   b685af88 b6707400 0068bcf1 71118088
0xb685af24:   71118084 b6707400 71118088 71118084 

Instructions: (pc=0xb6d701ed)
0xb6d701cd:   00 00 00 00 8b 46 04 85 c0 74 0f 83 ec 0c 8d 45
0xb6d701dd:   e0 50 e8 8c 95 1f 00 83 c4 10 8b 45 0c 83 ec 0c
0xb6d701ed:   8b 00 50 89 45 cc e8 08 5b fb ff 6a 00 6a 00 68
0xb6d701fd:   00 07 00 00 8d 78 01 57 e8 46 a9 cc ff 83 c4 1c 

Register to memory mapping:

EAX=0x00000000 is an unknown value
EBX=0xb7164c18: <offset 0x8c2c18> in /usr/local/jdk1.7.0_55/jre/lib/i386/server/libjvm.so at 0xb68a2000
ECX=0xb7791000 is an unknown value
EDX=0xb718c8c0: <offset 0x8ea8c0> in /usr/local/jdk1.7.0_55/jre/lib/i386/server/libjvm.so at 0xb68a2000
ESP=0xb685aeb4 is pointing into the stack for thread: 0xb6707400
EBP=0xb685aef8 is pointing into the stack for thread: 0xb6707400
ESI=0xb6707400 is a thread
EDI=0x00000ffc is an unknown value


Stack: [0xb680b000,0xb685c000],  sp=0xb685aeb4,  free space=319k
Native frames: (J=compiled Java code, j=interpreted, Vv=VM code, C=native code)
V  [libjvm.so+0x4ce1ed]  jni_GetStringUTFChars+0x9d
C  [libsharedmemory.2736829368033436523so+0x1371]  Java_sharedmemory_SharedMemory_map_1existing_1memory+0x31
j  sharedmemory.SharedMemory.<init>(Ljava/lang/String;J)V+41
j  sharedmemory.SharedTest.doTest()V+13
j  sharedmemory.SharedTest.main([Ljava/lang/String;)V+10
v  ~StubRoutines::call_stub
V  [libjvm.so+0x480925]  JavaCalls::call_helper(JavaValue*, methodHandle*, JavaCallArguments*, Thread*)+0x315
V  [libjvm.so+0x677229]  os::os_exception_wrapper(void (*)(JavaValue*, methodHandle*, JavaCallArguments*, Thread*), JavaValue*, methodHandle*, JavaCallArguments*, Thread*)+0x19
V  [libjvm.so+0x47f59f]  JavaCalls::call(JavaValue*, methodHandle, JavaCallArguments*, Thread*)+0x2f
V  [libjvm.so+0x4bc512]  jni_invoke_static(JNIEnv_*, JavaValue*, _jobject*, JNICallType, _jmethodID*, JNI_ArgumentPusher*, Thread*)+0x242
V  [libjvm.so+0x4d273a]  jni_CallStaticVoidMethod+0xca
C  [libjli.so+0x2e8d]  JavaMain+0x8bd
C  [libpthread.so.0+0x6f70]  start_thread+0xd0

Java frames: (J=compiled Java code, j=interpreted, Vv=VM code)
j  sharedmemory.SharedMemory.map_existing_memory(Ljava/lang/String;)Ljava/nio/ByteBuffer;+0
j  sharedmemory.SharedMemory.<init>(Ljava/lang/String;J)V+41
j  sharedmemory.SharedTest.doTest()V+13
j  sharedmemory.SharedTest.main([Ljava/lang/String;)V+10
v  ~StubRoutines::call_stub

---------------  P R O C E S S  ---------------

Java Threads: ( => current thread )
  0x6df2a000 JavaThread "Service Thread" daemon [_thread_blocked, id=5806, stack(0x6db5c000,0x6dbad000)]
  0x6df28000 JavaThread "C2 CompilerThread1" daemon [_thread_blocked, id=5805, stack(0x6dbad000,0x6dc2e000)]
  0x6df26000 JavaThread "C2 CompilerThread0" daemon [_thread_blocked, id=5804, stack(0x6dc2e000,0x6dcaf000)]
  0x6df24800 JavaThread "Signal Dispatcher" daemon [_thread_blocked, id=5803, stack(0x6dcaf000,0x6dd00000)]
  0x6df15000 JavaThread "Finalizer" daemon [_thread_blocked, id=5802, stack(0x6e01a000,0x6e06b000)]
  0x6df12800 JavaThread "Reference Handler" daemon [_thread_blocked, id=5801, stack(0x70909000,0x7095a000)]
=>0xb6707400 JavaThread "main" [_thread_in_vm, id=5794, stack(0xb680b000,0xb685c000)]

Other Threads:
  0x6df10c00 VMThread [stack: 0x6e06b000,0x6e0ec000] [id=5800]
  0x6df34000 WatcherThread [stack: 0x6dadb000,0x6db5c000] [id=5807]

VM state:not at safepoint (normal execution)

VM Mutex/Monitor currently owned by a thread: None

Heap
 PSYoungGen      total 18688K, used 645K [0x9e8c0000, 0x9fd80000, 0xb3580000)
  eden space 16128K, 4% used [0x9e8c0000,0x9e9615a8,0x9f880000)
  from space 2560K, 0% used [0x9fb00000,0x9fb00000,0x9fd80000)
  to   space 2560K, 0% used [0x9f880000,0x9f880000,0x9fb00000)
 ParOldGen       total 42496K, used 0K [0x74f80000, 0x77900000, 0x9e8c0000)
  object space 42496K, 0% used [0x74f80000,0x74f80000,0x77900000)
 PSPermGen       total 16384K, used 1837K [0x70f80000, 0x71f80000, 0x74f80000)
  object space 16384K, 11% used [0x70f80000,0x7114b4d8,0x71f80000)

Card table byte_map: [0x70d6c000,0x70f80000] byte_map_base: 0x709e4400

Polling page: 0xb7792000

Code Cache  [0xb3679000, 0xb38b9000, 0xb6679000)
 total_blobs=114 nmethods=2 adapters=67 free_code_cache=48855Kb largest_free_block=50012032

Compilation events (3 events):
Event: 0.078 Thread 0x6df28000    1             java.util.Properties$LineReader::readLine (452 bytes)
Event: 0.081 Thread 0x6df26000    2             java.lang.String::hashCode (55 bytes)
Event: 0.086 Thread 0x6df26000 nmethod 2 0xb36c1d08 code [0xb36c1e00, 0xb36c1f70]

GC Heap History (0 events):
No events

Deoptimization events (0 events):
No events

Internal exceptions (9 events):
Event: 0.030 Thread 0xb6707400 Threw 0x9e8cf738 at /HUDSON/workspace/7u-2-build-linux-i586/jdk7u55/869/hotspot/src/share/vm/prims/jni.cpp:3991
Event: 0.062 Thread 0xb6707400 Threw 0x9e9032a8 at /HUDSON/workspace/7u-2-build-linux-i586/jdk7u55/869/hotspot/src/share/vm/prims/jvm.cpp:1244
Event: 0.068 Thread 0xb6707400 Threw 0x9e909e18 at /HUDSON/workspace/7u-2-build-linux-i586/jdk7u55/869/hotspot/src/share/vm/prims/jvm.cpp:1244
Event: 0.069 Thread 0xb6707400 Threw 0x9e90e2a0 at /HUDSON/workspace/7u-2-build-linux-i586/jdk7u55/869/hotspot/src/share/vm/prims/jvm.cpp:1244
Event: 0.070 Thread 0xb6707400 Threw 0x9e90ffa0 at /HUDSON/workspace/7u-2-build-linux-i586/jdk7u55/869/hotspot/src/share/vm/prims/jvm.cpp:1244
Event: 0.072 Thread 0xb6707400 Threw 0x9e923d40 at /HUDSON/workspace/7u-2-build-linux-i586/jdk7u55/869/hotspot/src/share/vm/prims/jvm.cpp:1244
Event: 0.072 Thread 0xb6707400 Threw 0x9e923e58 at /HUDSON/workspace/7u-2-build-linux-i586/jdk7u55/869/hotspot/src/share/vm/prims/jvm.cpp:1244
Event: 0.073 Thread 0xb6707400 Threw 0x9e925d50 at /HUDSON/workspace/7u-2-build-linux-i586/jdk7u55/869/hotspot/src/share/vm/prims/jvm.cpp:1244
Event: 0.073 Thread 0xb6707400 Threw 0x9e925e68 at /HUDSON/workspace/7u-2-build-linux-i586/jdk7u55/869/hotspot/src/share/vm/prims/jvm.cpp:1244

Events (10 events):
Event: 0.089 loading class 0x709fd438 done
Event: 0.089 loading class 0x709fd010 done
Event: 0.089 loading class 0x6df3fb10
Event: 0.089 loading class 0x709fd968
Event: 0.090 loading class 0x709fd968 done
Event: 0.090 loading class 0x6df3fb10 done
Event: 0.090 loading class 0x709fd408
Event: 0.090 loading class 0x709fd408 done
Event: 0.090 loading class 0x709fd938
Event: 0.090 loading class 0x709fd938 done


Dynamic libraries:
08048000-08049000 r-xp 00000000 fc:00 4218539    /usr/local/jdk1.7.0_55/bin/java
08049000-0804a000 rw-p 00000000 fc:00 4218539    /usr/local/jdk1.7.0_55/bin/java
08706000-0874a000 rw-p 00000000 00:00 0          [heap]
6d8c2000-6dadb000 rw-p 00000000 00:00 0 
6dadb000-6dadc000 ---p 00000000 00:00 0 
6dadc000-6db5c000 rw-p 00000000 00:00 0          [stack:5807]
6db5c000-6db5f000 ---p 00000000 00:00 0 
6db5f000-6dbad000 rw-p 00000000 00:00 0          [stack:5806]
6dbad000-6dbb0000 ---p 00000000 00:00 0 
6dbb0000-6dc2e000 rw-p 00000000 00:00 0          [stack:5805]
6dc2e000-6dc31000 ---p 00000000 00:00 0 
6dc31000-6dcaf000 rw-p 00000000 00:00 0          [stack:5804]
6dcaf000-6dcb2000 ---p 00000000 00:00 0 
6dcb2000-6dd00000 rw-p 00000000 00:00 0          [stack:5803]
6dd00000-6df00000 r--p 00000000 fc:00 3940611    /usr/lib/locale/locale-archive
6df00000-6df72000 rw-p 00000000 00:00 0 
6df72000-6e000000 ---p 00000000 00:00 0 
6e01a000-6e01d000 ---p 00000000 00:00 0 
6e01d000-6e06b000 rw-p 00000000 00:00 0          [stack:5802]
6e06b000-6e06c000 ---p 00000000 00:00 0 
6e06c000-6e0ec000 rw-p 00000000 00:00 0          [stack:5800]
6e0ec000-6e2aa000 r--s 039d0000 fc:00 4218489    /usr/local/jdk1.7.0_55/jre/lib/rt.jar
6e2aa000-70800000 rw-p 00000000 00:00 0 
70800000-70880000 rw-p 00000000 00:00 0 
70880000-70900000 ---p 00000000 00:00 0 
70909000-7090c000 ---p 00000000 00:00 0 
7090c000-70a00000 rw-p 00000000 00:00 0          [stack:5801]
70a00000-70a21000 rw-p 00000000 00:00 0 
70a21000-70b00000 ---p 00000000 00:00 0 
70b1d000-70b1e000 ---p 00000000 00:00 0 
70b1e000-70b9e000 rw-p 00000000 00:00 0          [stack:5798]
70b9e000-70b9f000 ---p 00000000 00:00 0 
70b9f000-70c34000 rw-p 00000000 00:00 0          [stack:5797]
70c34000-70d6c000 rw-p 00000000 00:00 0 
70d6c000-70d74000 rw-p 00000000 00:00 0 
70d74000-70d8c000 rw-p 00000000 00:00 0 
70d8c000-70da1000 rw-p 00000000 00:00 0 
70da1000-70ed8000 rw-p 00000000 00:00 0 
70ed8000-70ee3000 rw-p 00000000 00:00 0 
70ee3000-70f7f000 rw-p 00000000 00:00 0 
70f7f000-71f80000 rw-p 00000000 00:00 0 
71f80000-74f80000 rw-p 00000000 00:00 0 
74f80000-77900000 rw-p 00000000 00:00 0 
77900000-9e8c0000 rw-p 00000000 00:00 0 
9e8c0000-9fd80000 rw-p 00000000 00:00 0 
9fd80000-b3580000 rw-p 00000000 00:00 0 
b3580000-b35a1000 rw-p 00000000 00:00 0 
b35a1000-b35b9000 rw-p 00000000 00:00 0 
b35b9000-b35c2000 rw-p 00000000 00:00 0 
b35c2000-b3679000 rw-p 00000000 00:00 0 
b3679000-b38b9000 rwxp 00000000 00:00 0 
b38b9000-b6679000 rw-p 00000000 00:00 0 
b6679000-b6690000 r-xp 00000000 fc:00 4218289    /usr/local/jdk1.7.0_55/jre/lib/i386/libzip.so
b6690000-b6691000 rw-p 00017000 fc:00 4218289    /usr/local/jdk1.7.0_55/jre/lib/i386/libzip.so
b6691000-b669c000 r-xp 00000000 fc:00 5768231    /lib/i386-linux-gnu/libnss_files-2.19.so
b669c000-b669d000 r--p 0000a000 fc:00 5768231    /lib/i386-linux-gnu/libnss_files-2.19.so
b669d000-b669e000 rw-p 0000b000 fc:00 5768231    /lib/i386-linux-gnu/libnss_files-2.19.so
b669e000-b66a8000 r-xp 00000000 fc:00 5768241    /lib/i386-linux-gnu/libnss_nis-2.19.so
b66a8000-b66a9000 r--p 00009000 fc:00 5768241    /lib/i386-linux-gnu/libnss_nis-2.19.so
b66a9000-b66aa000 rw-p 0000a000 fc:00 5768241    /lib/i386-linux-gnu/libnss_nis-2.19.so
b66aa000-b66bf000 r-xp 00000000 fc:00 5768225    /lib/i386-linux-gnu/libnsl-2.19.so
b66bf000-b66c0000 r--p 00015000 fc:00 5768225    /lib/i386-linux-gnu/libnsl-2.19.so
b66c0000-b66c1000 rw-p 00016000 fc:00 5768225    /lib/i386-linux-gnu/libnsl-2.19.so
b66c1000-b66c3000 rw-p 00000000 00:00 0 
b66cc000-b66ce000 r-xp 00000000 fc:00 3431565    /tmp/libsharedmemory.2736829368033436523so
b66ce000-b66cf000 r--p 00001000 fc:00 3431565    /tmp/libsharedmemory.2736829368033436523so
b66cf000-b66d0000 rw-p 00002000 fc:00 3431565    /tmp/libsharedmemory.2736829368033436523so
b66d0000-b66d4000 r--s 0008a000 fc:00 4218208    /usr/local/jdk1.7.0_55/jre/lib/jsse.jar
b66d4000-b66dc000 rw-s 00000000 fc:00 3431560    /tmp/hsperfdata_matt/5792
b66dc000-b66ff000 r-xp 00000000 fc:00 4218228    /usr/local/jdk1.7.0_55/jre/lib/i386/libjava.so
b66ff000-b6700000 rw-p 00022000 fc:00 4218228    /usr/local/jdk1.7.0_55/jre/lib/i386/libjava.so
b6700000-b67f2000 rw-p 00000000 00:00 0 
b67f2000-b6800000 ---p 00000000 00:00 0 
b6800000-b6802000 rw-p 00000000 00:00 0 
b6802000-b6809000 r-xp 00000000 fc:00 5768284    /lib/i386-linux-gnu/librt-2.19.so
b6809000-b680a000 r--p 00006000 fc:00 5768284    /lib/i386-linux-gnu/librt-2.19.so
b680a000-b680b000 rw-p 00007000 fc:00 5768284    /lib/i386-linux-gnu/librt-2.19.so
b680b000-b680e000 ---p 00000000 00:00 0 
b680e000-b685c000 rw-p 00000000 00:00 0          [stack:5794]
b685c000-b68a0000 r-xp 00000000 fc:00 5768206    /lib/i386-linux-gnu/libm-2.19.so
b68a0000-b68a1000 r--p 00043000 fc:00 5768206    /lib/i386-linux-gnu/libm-2.19.so
b68a1000-b68a2000 rw-p 00044000 fc:00 5768206    /lib/i386-linux-gnu/libm-2.19.so
b68a2000-b7119000 r-xp 00000000 fc:00 4217838    /usr/local/jdk1.7.0_55/jre/lib/i386/server/libjvm.so
b7119000-b717d000 rw-p 00877000 fc:00 4217838    /usr/local/jdk1.7.0_55/jre/lib/i386/server/libjvm.so
b717d000-b75a1000 rw-p 00000000 00:00 0 
b75a1000-b774a000 r-xp 00000000 fc:00 5768156    /lib/i386-linux-gnu/libc-2.19.so
b774a000-b774c000 r--p 001a9000 fc:00 5768156    /lib/i386-linux-gnu/libc-2.19.so
b774c000-b774d000 rw-p 001ab000 fc:00 5768156    /lib/i386-linux-gnu/libc-2.19.so
b774d000-b7750000 rw-p 00000000 00:00 0 
b7750000-b7753000 r-xp 00000000 fc:00 5768173    /lib/i386-linux-gnu/libdl-2.19.so
b7753000-b7754000 r--p 00002000 fc:00 5768173    /lib/i386-linux-gnu/libdl-2.19.so
b7754000-b7755000 rw-p 00003000 fc:00 5768173    /lib/i386-linux-gnu/libdl-2.19.so
b7755000-b7768000 r-xp 00000000 fc:00 4218319    /usr/local/jdk1.7.0_55/lib/i386/jli/libjli.so
b7768000-b7769000 rw-p 00012000 fc:00 4218319    /usr/local/jdk1.7.0_55/lib/i386/jli/libjli.so
b7769000-b776a000 rw-p 00000000 00:00 0 
b776a000-b7782000 r-xp 00000000 fc:00 5768276    /lib/i386-linux-gnu/libpthread-2.19.so
b7782000-b7783000 r--p 00017000 fc:00 5768276    /lib/i386-linux-gnu/libpthread-2.19.so
b7783000-b7784000 rw-p 00018000 fc:00 5768276    /lib/i386-linux-gnu/libpthread-2.19.so
b7784000-b7787000 rw-p 00000000 00:00 0 
b7787000-b7788000 r--p 00855000 fc:00 3940611    /usr/lib/locale/locale-archive
b7788000-b778f000 r-xp 00000000 fc:00 5768227    /lib/i386-linux-gnu/libnss_compat-2.19.so
b778f000-b7790000 r--p 00006000 fc:00 5768227    /lib/i386-linux-gnu/libnss_compat-2.19.so
b7790000-b7791000 rw-p 00007000 fc:00 5768227    /lib/i386-linux-gnu/libnss_compat-2.19.so
b7791000-b7792000 rw-p 00000000 00:00 0 
b7792000-b7793000 r--p 00000000 00:00 0 
b7793000-b779e000 r-xp 00000000 fc:00 4218080    /usr/local/jdk1.7.0_55/jre/lib/i386/libverify.so
b779e000-b779f000 rw-p 0000b000 fc:00 4218080    /usr/local/jdk1.7.0_55/jre/lib/i386/libverify.so
b779f000-b77a1000 rw-p 00000000 00:00 0 
b77a1000-b77a2000 r-xp 00000000 00:00 0          [vdso]
b77a2000-b77c2000 r-xp 00000000 fc:00 5768132    /lib/i386-linux-gnu/ld-2.19.so
b77c2000-b77c3000 r--p 0001f000 fc:00 5768132    /lib/i386-linux-gnu/ld-2.19.so
b77c3000-b77c4000 rw-p 00020000 fc:00 5768132    /lib/i386-linux-gnu/ld-2.19.so
bfea1000-bfec2000 rw-p 00000000 00:00 0          [stack]

VM Arguments:
jvm_args: -Dfile.encoding=UTF-8 
java_command: sharedmemory.SharedTest
Launcher Type: SUN_STANDARD

Environment Variables:
PATH=/usr/local/sbin:/usr/local/bin:/usr/sbin:/usr/bin:/sbin:/bin:/usr/games:/usr/local/games
LD_LIBRARY_PATH=/usr/local/jdk1.7.0_55/jre/lib/amd64:/usr/local/jdk1.7.0_55/jre/lib/i386:
SHELL=/bin/bash
DISPLAY=:0

Signal Handlers:
SIGSEGV: [libjvm.so+0x7dd750], sa_mask[0]=0x7ffbfeff, sa_flags=0x10000004
SIGBUS: [libjvm.so+0x7dd750], sa_mask[0]=0x7ffbfeff, sa_flags=0x10000004
SIGFPE: [libjvm.so+0x678ec0], sa_mask[0]=0x7ffbfeff, sa_flags=0x10000004
SIGPIPE: [libjvm.so+0x678ec0], sa_mask[0]=0x7ffbfeff, sa_flags=0x10000004
SIGXFSZ: [libjvm.so+0x678ec0], sa_mask[0]=0x7ffbfeff, sa_flags=0x10000004
SIGILL: [libjvm.so+0x678ec0], sa_mask[0]=0x7ffbfeff, sa_flags=0x10000004
SIGUSR1: SIG_DFL, sa_mask[0]=0x00000000, sa_flags=0x00000000
SIGUSR2: [libjvm.so+0x67a3b0], sa_mask[0]=0x00000004, sa_flags=0x10000004
SIGHUP: [libjvm.so+0x67b500], sa_mask[0]=0x7ffbfeff, sa_flags=0x10000004
SIGINT: SIG_IGN, sa_mask[0]=0x00000000, sa_flags=0x00000000
SIGTERM: [libjvm.so+0x67b500], sa_mask[0]=0x7ffbfeff, sa_flags=0x10000004
SIGQUIT: [libjvm.so+0x67b500], sa_mask[0]=0x7ffbfeff, sa_flags=0x10000004


---------------  S Y S T E M  ---------------

OS:jessie/sid

uname:Linux 3.13.0-29-generic #53-Ubuntu SMP Wed Jun 4 21:02:19 UTC 2014 i686
libc:glibc 2.19 NPTL 2.19 
rlimit: STACK 8192k, CORE 0k, NPROC 31716, NOFILE 4096, AS infinity
load average:0.32 0.29 0.29

/proc/meminfo:
MemTotal:        4087004 kB
MemFree:         1848808 kB
Buffers:          275284 kB
Cached:          1048840 kB
SwapCached:            0 kB
Active:          1189224 kB
Inactive:         933176 kB
Active(anon):     799564 kB
Inactive(anon):   180876 kB
Active(file):     389660 kB
Inactive(file):   752300 kB
Unevictable:          56 kB
Mlocked:              56 kB
HighTotal:       3232060 kB
HighFree:        1581320 kB
LowTotal:         854944 kB
LowFree:          267488 kB
SwapTotal:             0 kB
SwapFree:              0 kB
Dirty:               236 kB
Writeback:             0 kB
AnonPages:        798432 kB
Mapped:           114616 kB
Shmem:            182024 kB
Slab:              83928 kB
SReclaimable:      59908 kB
SUnreclaim:        24020 kB
KernelStack:        3016 kB
PageTables:         8128 kB
NFS_Unstable:          0 kB
Bounce:                0 kB
WritebackTmp:          0 kB
CommitLimit:     2043500 kB
Committed_AS:    3174584 kB
VmallocTotal:     122880 kB
VmallocUsed:       18604 kB
VmallocChunk:      97456 kB
HardwareCorrupted:     0 kB
AnonHugePages:    454656 kB
HugePages_Total:       0
HugePages_Free:        0
HugePages_Rsvd:        0
HugePages_Surp:        0
Hugepagesize:       2048 kB
DirectMap4k:       18424 kB
DirectMap2M:      894976 kB


CPU:total 2 (2 cores per cpu, 1 threads per core) family 6 model 23 stepping 10, cmov, cx8, fxsr, mmx, sse, sse2, sse3, ssse3, sse4.1, tsc

/proc/cpuinfo:
processor	: 0
vendor_id	: GenuineIntel
cpu family	: 6
model		: 23
model name	: Intel(R) Core(TM)2 Duo CPU     P9600  @ 2.53GHz
stepping	: 10
microcode	: 0xa07
cpu MHz		: 2535.000
cache size	: 6144 KB
physical id	: 0
siblings	: 2
core id		: 0
cpu cores	: 2
apicid		: 0
initial apicid	: 0
fdiv_bug	: no
f00f_bug	: no
coma_bug	: no
fpu		: yes
fpu_exception	: yes
cpuid level	: 13
wp		: yes
flags		: fpu vme de pse tsc msr pae mce cx8 apic sep mtrr pge mca cmov pat pse36 clflush dts acpi mmx fxsr sse sse2 ss ht tm pbe nx lm constant_tsc arch_perfmon pebs bts aperfmperf pni dtes64 monitor ds_cpl vmx smx est tm2 ssse3 cx16 xtpr pdcm sse4_1 xsave lahf_lm ida dtherm tpr_shadow vnmi flexpriority
bogomips	: 5054.40
clflush size	: 64
cache_alignment	: 64
address sizes	: 36 bits physical, 48 bits virtual
power management:

processor	: 1
vendor_id	: GenuineIntel
cpu family	: 6
model		: 23
model name	: Intel(R) Core(TM)2 Duo CPU     P9600  @ 2.53GHz
stepping	: 10
microcode	: 0xa07
cpu MHz		: 1600.000
cache size	: 6144 KB
physical id	: 0
siblings	: 2
core id		: 1
cpu cores	: 2
apicid		: 1
initial apicid	: 1
fdiv_bug	: no
f00f_bug	: no
coma_bug	: no
fpu		: yes
fpu_exception	: yes
cpuid level	: 13
wp		: yes
flags		: fpu vme de pse tsc msr pae mce cx8 apic sep mtrr pge mca cmov pat pse36 clflush dts acpi mmx fxsr sse sse2 ss ht tm pbe nx lm constant_tsc arch_perfmon pebs bts aperfmperf pni dtes64 monitor ds_cpl vmx smx est tm2 ssse3 cx16 xtpr pdcm sse4_1 xsave lahf_lm ida dtherm tpr_shadow vnmi flexpriority
bogomips	: 5054.40
clflush size	: 64
cache_alignment	: 64
address sizes	: 36 bits physical, 48 bits virtual
power management:



Memory: 4k page, physical 4087004k(1848808k free), swap 0k(0k free)

vm_info: Java HotSpot(TM) Server VM (24.55-b03) for linux-x86 JRE (1.7.0_55-b13), built on Mar 17 2014 19:41:29 by "java_re" with gcc 4.3.0 20080428 (Red Hat 4.3.0-8)

time: Sat Jun 14 19:00:24 2014
elapsed time: 0 seconds

